make all --print-data-base --no-builtin-variables --no-builtin-rules --question
# GNU Make 3.81
# Copyright (C) 2006  Free Software Foundation, Inc.
# This is free software; see the source for copying conditions.
# There is NO warranty; not even for MERCHANTABILITY or FITNESS FOR A
# PARTICULAR PURPOSE.

# This program built for i386-apple-darwin11.3.0

# Make data base, printed on Sun Aug  7 22:49:46 2022

# Variables

# automatic
<D = $(patsubst %/,%,$(dir $<))
# automatic
?F = $(notdir $?)
# environment
ELECTRON_NO_ATTACH_CONSOLE = 1
# environment
NVM_INC = /Users/willjacobson/.nvm/versions/node/v16.14.2/include/node
# automatic
?D = $(patsubst %/,%,$(dir $?))
# environment
CPPFLAGS = -I/usr/local/homebrew/opt/mysql-client/include
# environment
REDSHIFT_PASS = pv04aCq2Uhkzr9c9
# automatic
@D = $(patsubst %/,%,$(dir $@))
# automatic
@F = $(notdir $@)
# makefile
CURDIR := /Users/willjacobson/GoodRx/bazel_go_play
# makefile
SHELL = /bin/sh
# environment
VSCODE_NLS_CONFIG = {"locale":"en-us","availableLanguages":{},"_languagePackSupport":true}
# environment
_ = /usr/bin/make
# makefile
MAKEFILE_LIST := 
# environment
REDSHIFT_USER = willjacobson
# environment
VSCODE_AMD_ENTRYPOINT = vs/workbench/api/node/extensionHostProcess
# environment
__CFBundleIdentifier = com.microsoft.VSCode
# environment
INFOPATH = /opt/homebrew/share/info:
# environment
VSCODE_CWD = /Users/willjacobson/GoodRx/bazel_go_play
# environment
GOPROXY = https://proxy.golang.org,direct
# environment
PATH = /Users/willjacobson/Library/pnpm:/Users/willjacobson/.local/bin:/usr/local/homebrew/opt/mysql-client/bin:/usr/local/homebrew/opt/mysql@5.7/bin:/Users/willjacobson/.nvm/versions/node/v16.14.2/bin:/Users/willjacobson/.pyenv/shims:/usr/local/bin:/usr/local/homebrew/bin:/opt/homebrew/bin:/opt/homebrew/bin:/opt/homebrew/sbin:/usr/local/bin:/usr/bin:/bin:/usr/sbin:/sbin:/usr/local/go/bin:/Library/Apple/usr/bin
# environment
LSCOLORS = Gxfxcxdxbxegedabagacad
# environment
PNPM_HOME = /Users/willjacobson/Library/pnpm
# environment
GOPATH = /Users/willjacobson/go
# environment
NVM_BIN = /Users/willjacobson/.nvm/versions/node/v16.14.2/bin
# environment
REDSHIFT_HOST = data-rs.internal.grxweb.com
# environment
ELECTRON_RUN_AS_NODE = 1
# environment
LDFLAGS = -L/usr/local/homebrew/opt/mysql-client/lib
# default
.FEATURES := target-specific order-only second-expansion else-if archives jobserver check-symlink
# environment
SSH_PRIVATE_KEY_PATH = /Users/willjacobson/.ssh/redshift
# environment
SSH_AUTH_SOCK = /private/tmp/com.apple.launchd.mtLN7eoERp/Listeners
# automatic
%F = $(notdir $%)
# environment
REDSHIFT_DB = main
# environment
PWD = /Users/willjacobson/GoodRx/bazel_go_play
# environment
HOMEBREW_CELLAR = /opt/homebrew/Cellar
# environment
PKG_CONFIG_PATH = /usr/local/homebrew/opt/mysql-client/lib/pkgconfig
# environment
ORIGINAL_XDG_CURRENT_DESKTOP = undefined
# environment
MANPATH = /Users/willjacobson/.nvm/versions/node/v16.14.2/share/man:/opt/homebrew/share/man::
# environment
GOMODCACHE = /Users/willjacobson/go/pkg/mod
# environment
HOME = /Users/willjacobson
# default
MAKEFILEPATH := /Applications/Xcode.app/Contents/Developer/Makefiles
# environment
VSCODE_CLI = 1
# environment
VSCODE_CODE_CACHE_PATH = /Users/willjacobson/Library/Application Support/Code/CachedData/da76f93349a72022ca4670c1b84860304616aaa2
# environment
LOGNAME = willjacobson
# environment
APPLICATION_INSIGHTS_NO_DIAGNOSTIC_CHANNEL = 1
# environment
NVM_CD_FLAGS = -q
# environment
ZSH = /Users/willjacobson/.oh-my-zsh
# environment
VSCODE_HANDLES_UNCAUGHT_ERRORS = true
# automatic
^D = $(patsubst %/,%,$(dir $^))
# environment
XPC_FLAGS = 0x0
# environment
COLORTERM = truecolor
# default
MAKE = $(MAKE_COMMAND)
# environment
LC_TERMINAL = iTerm2
# environment
SHLVL = 3
# default
MAKE_VERSION := 3.81
# environment
USER = willjacobson
# environment
REDSHIFT_GATEWAY = data-gw.internal.grxweb.com
# makefile
.DEFAULT_GOAL := 
# default
MAKECMDGOALS := all
# environment
TERM_SESSION_ID = w0t3p0:382BCD54-96B1-4A2C-98FD-FC735C650541
# environment
LESS = -R
# automatic
%D = $(patsubst %/,%,$(dir $%))
# default
MAKE_COMMAND := /Applications/Xcode.app/Contents/Developer/usr/bin/make
# environment
TERM_PROGRAM = iTerm.app
# default
.VARIABLES := 
# environment
TMPDIR = /var/folders/jn/nbwcv76n1nqdr_g687vrq6p80000gp/T/
# automatic
*F = $(notdir $*)
# environment
VSCODE_IPC_HOOK = /Users/willjacobson/Library/Application Support/Code/1.70.0-main.sock
# environment
MallocNanoZone = 0
# makefile
MAKEFLAGS = Rrqp
# environment
NPM_TOKEN_GH_GOODRX_CI = ssh-rsa AAAAB3NzaC1yc2EAAAADAQABAAACAQCsvgOMv3HjnNfhFU/lEg0uPorJ00FpBgMzThsKelN2lBnNdeHUOpiA6VgnatwNz8pOcH4uCNC003eb/GwWzvvmSLX7xIye3oHqKgmgSnYSFdMvkxcRICQ/JG1eaHbbPoyE8aUfBCFV/lzDn9KZPC0llGRPWdFv3RUaq49pITmMjHW8+fUnGxI/LC3IKdh6uMPsdmIfm6iyfxbC3Ua3Nva64T2S7PqoXttz1+LVtKFQSXd/7Koauw+et/7ijHVwZCIJGab65JZazIdhIwdiAq7SofZ8rMuac/7hNFWyaHT7+6nLpR6GXOJ5T9TAQqs2EYeh/+64T5feGIvLaK/U/31MIlhrr06HIPKDbIKYAT8lLZjT1o1wSkHEOd0V11ZhukHQwEsbTCi47Q3VUbFlEKZ9/HZKundy9r4h3wkbyp1OLpNHjZsXubqVHoa6E9uuVcyut1/rWhY6EpyadrWvhvimQaLHNDoWt8iqvK/TjhZiWAUTTfXOgPO4Iza4IIkOuaIDaMVgpNrGFKvfJg/QDmc4IoCQmqhqnuXwCzlF59aq40BC0EmdbHgFlhK9eDH3+TMEEaUcD4Dr64EfMB1tYNtIxHFusYJjHynjsrbkea5+y+L3PUbIcPsWGcB/RWHEDZu/Hd5+v8TkW5CFnMd/NIQsuKMZBWNxu0gf87SRxVMt1Q== willjacobson1@gmail.com
# environment
MFLAGS = -Rrqp
# automatic
*D = $(patsubst %/,%,$(dir $*))
# environment
TERM_PROGRAM_VERSION = 3.4.15
# environment
NVM_DIR = /Users/willjacobson/.nvm
# environment
XPC_SERVICE_NAME = application.com.microsoft.VSCode.16936612.16936618.CD0F2F90-5F80-410E-BF85-22925B2244A9
# environment
LC_TERMINAL_VERSION = 3.4.15
# environment
HOMEBREW_PREFIX = /opt/homebrew
# automatic
+D = $(patsubst %/,%,$(dir $+))
# automatic
+F = $(notdir $+)
# environment
ITERM_SESSION_ID = w0t3p0:382BCD54-96B1-4A2C-98FD-FC735C650541
# environment
HOMEBREW_REPOSITORY = /opt/homebrew
# environment
COLORFGBG = 7;0
# environment
__CF_USER_TEXT_ENCODING = 0x1F6:0x0:0x0
# environment
COMMAND_MODE = unix2003
# default
MAKEFILES := 
# automatic
<F = $(notdir $<)
# environment
ITERM_PROFILE = Default
# environment
GOPRIVATE = github.com/GoodRx*
# environment
PAGER = less
# environment
LC_ALL = C
# automatic
^F = $(notdir $^)
# default
SUFFIXES := 
# default
.INCLUDE_DIRS = /usr/local/include
# environment
MAKELEVEL := 0
# environment
LANG = C
# environment
TERM = xterm-256color
# environment
VSCODE_PID = 38915
# variable set hash-table stats:
# Load=98/1024=10%, Rehash=0, Collisions=5/119=4%

# Pattern-specific Variable Values

# No pattern-specific variable values.

# Directories

# . (device 16777233, inode 19251715): 14 files, no impossibilities.

# 14 files, no impossibilities in 1 directories.

# Implicit Rules

# No implicit rules.

# Files

# Not a target:
all:
#  Command-line target.
#  Implicit rule search has been done.
#  File does not exist.
#  File has not been updated.
# variable set hash-table stats:
# Load=0/32=0%, Rehash=0, Collisions=0/0=0%

# Not a target:
.SUFFIXES:
#  Implicit rule search has not been done.
#  Modification time never checked.
#  File has not been updated.

# Not a target:
Makefile:
#  A default, MAKEFILES, or -include/sinclude makefile.
#  Implicit rule search has been done.
#  File does not exist.
#  File has been updated.
#  Failed to be updated.
# variable set hash-table stats:
# Load=0/32=0%, Rehash=0, Collisions=0/0=0%

# Not a target:
makefile:
#  A default, MAKEFILES, or -include/sinclude makefile.
#  Implicit rule search has been done.
#  File does not exist.
#  File has been updated.
#  Failed to be updated.
# variable set hash-table stats:
# Load=0/32=0%, Rehash=0, Collisions=0/0=0%

# Not a target:
.DEFAULT:
#  Implicit rule search has not been done.
#  Modification time never checked.
#  File has not been updated.

# Not a target:
GNUmakefile:
#  A default, MAKEFILES, or -include/sinclude makefile.
#  Implicit rule search has been done.
#  File does not exist.
#  File has been updated.
#  Failed to be updated.
# variable set hash-table stats:
# Load=0/32=0%, Rehash=0, Collisions=0/0=0%

# files hash-table stats:
# Load=6/1024=1%, Rehash=0, Collisions=0/17=0%
# VPATH Search Paths

# No `vpath' search paths.

# No general (`VPATH' variable) search path.

# # of strings in strcache: 0
 
make: *** No rule to make target `all'.  Stop.

# # of strcache buffers: 0
# strcache size: total = 0 / max = 0 / min = 4096 / avg = 0
# strcache free: total = 0 / max = 0 / min = 4096 / avg = 0

# Finished Make data base on Sun Aug  7 22:49:46 2022

 
